[kbplacer_plugin_action.py:65]: Plugin version: 0.13
[kbplacer_plugin_action.py:66]: Python version: '3.11.5 (main, Dec 24 2024, 05:27:06) [MSC v.1942 64 bit (AMD64)]'
[kbplacer_plugin_action.py:67]: KiCad version: 8.0.8 with 4.2.2 msw (phoenix) wxWidgets 3.2.6
[kbplacer_dialog.py:586]: Language: en
[kbplacer_plugin_action.py:75]: GUI state: {"layout_path": "C:\\Users\\viva-\\Downloads\\wergob.json", "key_distance": [19.05, 19.05], "key_info": {"annotation_format": "MX{}", "position_option": "Default", "position": {"x": 0.0, "y": 0.0, "orientation": 0.0, "side": "Front"}, "template_path": ""}, "enable_diode_placement": true, "route_switches_with_diodes": false, "optimize_diodes_orientation": false, "diode_info": {"annotation_format": "D{}", "position_option": "Relative", "position": null, "template_path": ""}, "additional_elements": [{"annotation_format": "ST{}", "position_option": "Custom", "position": {"x": 0.0, "y": 0.0, "orientation": 0.0, "side": "Front"}, "template_path": ""}], "route_rows_and_columns": false, "template_path": "", "generate_outline": false, "outline_delta": 0.0}
[key_placer.py:362]: Set key 1U distance: 19050000/19050000
[key_placer.py:124]: Switches by nets: defaultdict(<class 'list'>, {frozenset({'ROW2', 'COL0'}): ['MX51', 'MX26'], frozenset({'ROW0', 'COL10'}): ['MX11'], frozenset({'ROW2', 'COL2'}): ['MX28'], frozenset({'COL1', 'ROW2'}): ['MX27'], frozenset({'COL8', 'ROW0'}): ['MX9'], frozenset({'COL11', 'ROW3'}): ['MX49'], frozenset({'COL2', 'ROW3'}): ['MX40'], frozenset({'COL5', 'ROW3'}): ['MX53', 'MX43'], frozenset({'ROW2', 'COL10'}): ['MX36'], frozenset({'COL7', 'ROW0'}): ['MX8'], frozenset({'ROW2', 'COL7'}): ['MX33'], frozenset({'COL1', 'ROW3'}): ['MX39'], frozenset({'COL0', 'ROW3'}): ['MX38'], frozenset({'COL5', 'ROW2'}): ['MX31'], frozenset({'ROW2', 'COL6'}): ['MX32'], frozenset({'ROW1', 'COL2'}): ['MX16'], frozenset({'COL9', 'ROW3'}): ['MX47'], frozenset({'COL7', 'ROW3'}): ['MX54', 'MX45'], frozenset({'ROW1', 'COL9'}): ['MX23'], frozenset({'COL11', 'ROW2'}): ['MX37', 'MX50'], frozenset({'COL3', 'ROW1'}): ['MX17'], frozenset({'COL11', 'ROW1'}): ['MX25'], frozenset({'ROW2', 'COL8'}): ['MX34'], frozenset({'ROW3', 'COL3'}): ['MX52', 'MX41'], frozenset({'COL2', 'ROW0'}): ['MX3'], frozenset({'ROW0', 'COL6'}): ['MX7'], frozenset({'ROW1', 'COL7'}): ['MX21'], frozenset({'COL11', 'ROW0'}): ['MX12'], frozenset({'ROW1', 'COL0'}): ['MX14'], frozenset({'ROW0', 'COL13'}): ['MX13'], frozenset({'ROW1', 'COL6'}): ['MX20'], frozenset({'COL4', 'ROW0'}): ['MX5'], frozenset({'COL1', 'ROW1'}): ['MX15'], frozenset({'COL1', 'ROW0'}): ['MX2'], frozenset({'COL5', 'ROW1'}): ['MX19'], frozenset({'COL5', 'ROW0'}): ['MX6'], frozenset({'ROW2', 'COL3'}): ['MX29'], frozenset({'COL4', 'ROW1'}): ['MX18'], frozenset({'COL4', 'ROW3'}): ['MX42'], frozenset({'ROW3', 'COL6'}): ['MX44'], frozenset({'ROW0', 'COL3'}): ['MX4'], frozenset({'ROW1', 'COL10'}): ['MX24'], frozenset({'COL0', 'ROW0'}): ['MX1'], frozenset({'COL8', 'ROW3'}): ['MX46'], frozenset({'COL4', 'ROW2'}): ['MX30'], frozenset({'ROW2', 'COL9'}): ['MX35'], frozenset({'COL10', 'ROW3'}): ['MX48'], frozenset({'COL9', 'ROW0'}): ['MX10'], frozenset({'COL8', 'ROW1'}): ['MX22']})
[key_placer.py:128]: Diodes by switch: {'MX24': ['D24'], 'MX22': ['D22'], 'MX35': ['D35'], 'MX39': ['D39'], 'MX38': ['D38'], 'MX25': ['D25'], 'MX17': ['D17'], 'MX19': ['D19'], 'MX21': ['D21'], 'MX42': ['D42'], 'MX47': ['D47'], 'MX48': ['D48'], 'MX31': ['D31'], 'MX7': ['D7'], 'MX28': ['D28'], 'MX34': ['D34'], 'MX8': ['D8'], 'MX29': ['D29'], 'MX23': ['D23'], 'MX5': ['D5'], 'MX6': ['D6'], 'MX27': ['D27'], 'MX3': ['D3'], 'MX51': ['D26'], 'MX26': ['D26'], 'MX53': ['D43'], 'MX43': ['D43'], 'MX36': ['D36'], 'MX49': ['D49'], 'MX13': ['D13'], 'MX44': ['D44'], 'MX40': ['D40'], 'MX54': ['D45'], 'MX45': ['D45'], 'MX16': ['D16'], 'MX11': ['D11'], 'MX4': ['D4'], 'MX12': ['D12'], 'MX20': ['D20'], 'MX10': ['D10'], 'MX15': ['D15'], 'MX30': ['D30'], 'MX46': ['D46'], 'MX37': ['D37'], 'MX50': ['D37'], 'MX52': ['D41'], 'MX41': ['D41'], 'MX18': ['D18'], 'MX32': ['D32'], 'MX33': ['D33'], 'MX2': ['D2'], 'MX1': ['D1'], 'MX9': ['D9'], 'MX14': ['D14']}
[board_modifier.py:64]: Searching for MX1 footprint in C:/Users/viva-/Documents/GitHub/wergob/wergob.kicad_pcb
[key_placer.py:558]: Looking for connection template between MX1 and other elements
[board_modifier.py:98]: Getting MX1 footprint position: (33337500, 33337500)
[key_placer.py:602]: Got connection template: 
[key_placer.py:124]: Switches by nets: defaultdict(<class 'list'>, {frozenset({'ROW2', 'COL0'}): ['MX51', 'MX26'], frozenset({'ROW0', 'COL10'}): ['MX11'], frozenset({'ROW2', 'COL2'}): ['MX28'], frozenset({'COL1', 'ROW2'}): ['MX27'], frozenset({'COL8', 'ROW0'}): ['MX9'], frozenset({'COL11', 'ROW3'}): ['MX49'], frozenset({'COL2', 'ROW3'}): ['MX40'], frozenset({'COL5', 'ROW3'}): ['MX53', 'MX43'], frozenset({'ROW2', 'COL10'}): ['MX36'], frozenset({'COL7', 'ROW0'}): ['MX8'], frozenset({'ROW2', 'COL7'}): ['MX33'], frozenset({'COL1', 'ROW3'}): ['MX39'], frozenset({'COL0', 'ROW3'}): ['MX38'], frozenset({'COL5', 'ROW2'}): ['MX31'], frozenset({'ROW2', 'COL6'}): ['MX32'], frozenset({'ROW1', 'COL2'}): ['MX16'], frozenset({'COL9', 'ROW3'}): ['MX47'], frozenset({'COL7', 'ROW3'}): ['MX54', 'MX45'], frozenset({'ROW1', 'COL9'}): ['MX23'], frozenset({'COL11', 'ROW2'}): ['MX37', 'MX50'], frozenset({'COL3', 'ROW1'}): ['MX17'], frozenset({'COL11', 'ROW1'}): ['MX25'], frozenset({'ROW2', 'COL8'}): ['MX34'], frozenset({'ROW3', 'COL3'}): ['MX52', 'MX41'], frozenset({'COL2', 'ROW0'}): ['MX3'], frozenset({'ROW0', 'COL6'}): ['MX7'], frozenset({'ROW1', 'COL7'}): ['MX21'], frozenset({'COL11', 'ROW0'}): ['MX12'], frozenset({'ROW1', 'COL0'}): ['MX14'], frozenset({'ROW0', 'COL13'}): ['MX13'], frozenset({'ROW1', 'COL6'}): ['MX20'], frozenset({'COL4', 'ROW0'}): ['MX5'], frozenset({'COL1', 'ROW1'}): ['MX15'], frozenset({'COL1', 'ROW0'}): ['MX2'], frozenset({'COL5', 'ROW1'}): ['MX19'], frozenset({'COL5', 'ROW0'}): ['MX6'], frozenset({'ROW2', 'COL3'}): ['MX29'], frozenset({'COL4', 'ROW1'}): ['MX18'], frozenset({'COL4', 'ROW3'}): ['MX42'], frozenset({'ROW3', 'COL6'}): ['MX44'], frozenset({'ROW0', 'COL3'}): ['MX4'], frozenset({'ROW1', 'COL10'}): ['MX24'], frozenset({'COL0', 'ROW0'}): ['MX1'], frozenset({'COL8', 'ROW3'}): ['MX46'], frozenset({'COL4', 'ROW2'}): ['MX30'], frozenset({'ROW2', 'COL9'}): ['MX35'], frozenset({'COL10', 'ROW3'}): ['MX48'], frozenset({'COL9', 'ROW0'}): ['MX10'], frozenset({'COL8', 'ROW1'}): ['MX22']})
[key_placer.py:128]: Diodes by switch: {'MX24': ['D24'], 'MX22': ['D22'], 'MX35': ['D35'], 'MX39': ['D39'], 'MX38': ['D38'], 'MX25': ['D25'], 'MX17': ['D17'], 'MX19': ['D19'], 'MX21': ['D21'], 'MX42': ['D42'], 'MX47': ['D47'], 'MX48': ['D48'], 'MX31': ['D31'], 'MX7': ['D7'], 'MX28': ['D28'], 'MX34': ['D34'], 'MX8': ['D8'], 'MX29': ['D29'], 'MX23': ['D23'], 'MX5': ['D5'], 'MX6': ['D6'], 'MX27': ['D27'], 'MX3': ['D3'], 'MX51': ['D26'], 'MX26': ['D26'], 'MX53': ['D43'], 'MX43': ['D43'], 'MX36': ['D36'], 'MX49': ['D49'], 'MX13': ['D13'], 'MX44': ['D44'], 'MX40': ['D40'], 'MX54': ['D45'], 'MX45': ['D45'], 'MX16': ['D16'], 'MX11': ['D11'], 'MX4': ['D4'], 'MX12': ['D12'], 'MX20': ['D20'], 'MX10': ['D10'], 'MX15': ['D15'], 'MX30': ['D30'], 'MX46': ['D46'], 'MX37': ['D37'], 'MX50': ['D37'], 'MX52': ['D41'], 'MX41': ['D41'], 'MX18': ['D18'], 'MX32': ['D32'], 'MX33': ['D33'], 'MX2': ['D2'], 'MX1': ['D1'], 'MX9': ['D9'], 'MX14': ['D14']}
[board_modifier.py:98]: Getting MX1 footprint position: (33337500, 33337500)
[board_modifier.py:98]: Getting D1 footprint position: (41275000, 33337500)
[key_placer.py:900]: Element info updated: ElementInfo(annotation_format='D{}', position_option=<PositionOption.RELATIVE: 'Relative'>, position=ElementPosition(x=7.9375, y=0.0, orientation=90.0, side=<Side.BACK: 'Back'>), template_path='')
[kle_serial.py:897]: User layout: [{'name': 'wergob'}, [{'x': 2, 'a': 7}, '3', '4', '5', {'x': 3}, '9', '10', '11'], [{'y': -0.75}, '1', '2', {'x': 3}, '6', {'x': 1}, '8', {'x': 3}, '12', '13'], [{'y': -0.75, 'x': 6}, '7'], [{'y': -0.5, 'x': 2.25}, '16', '17', {'x': 4}, '22', '23'], [{'y': -0.75, 'w': 1.25}, '14', '15', {'x': 2}, '18', {'x': 2}, '21', {'x': 2}, '24', {'w': 1.75}, '25'], [{'y': -0.75, 'x': 5.25}, '19', '20'], [{'y': -0.5, 'x': 2.75}, '28', {'x': 5}, '34'], [{'y': -0.75, 'w': 1.75}, '26', '27', {'x': 1}, '29', {'x': 3}, '33', {'x': 1}, '35', '36', {'w': 1.25}, '37'], [{'y': -0.75, 'x': 4.75}, '30', '31', '32'], [{'y': -0.25}, '38', '39', '40', {'x': 7}, '47', '48', '49'], [{'y': -0.5, 'x': 5.5}, '43', '47'], [{'r': 15, 'rx': 4.25, 'ry': 4, 'y': -0.5, 'x': -1}, '41', '42'], [{'r': -15, 'rx': 8.75, 'y': -0.5, 'x': -1}, '45', '46']]
[key_placer.py:662]: Layout offset: (28575000, 28575000)
[board_modifier.py:85]: Setting MX1 footprint position: (76200000, 38100000)
[board_modifier.py:85]: Setting MX2 footprint position: (95250000, 38100000)
[board_modifier.py:85]: Setting MX3 footprint position: (114300000, 38100000)
[board_modifier.py:85]: Setting MX4 footprint position: (190500000, 38100000)
[board_modifier.py:85]: Setting MX5 footprint position: (209550000, 38100000)
[board_modifier.py:85]: Setting MX6 footprint position: (228600000, 38100000)
[board_modifier.py:85]: Setting MX7 footprint position: (38100000, 42862500)
[board_modifier.py:85]: Setting MX8 footprint position: (57150000, 42862500)
[board_modifier.py:85]: Setting MX9 footprint position: (133350000, 42862500)
[board_modifier.py:85]: Setting MX10 footprint position: (171450000, 42862500)
[board_modifier.py:85]: Setting MX11 footprint position: (247650000, 42862500)
[board_modifier.py:85]: Setting MX12 footprint position: (266700000, 42862500)
[board_modifier.py:85]: Setting MX13 footprint position: (152400000, 47625000)
[board_modifier.py:85]: Setting MX14 footprint position: (80962500, 57150000)
[board_modifier.py:85]: Setting MX15 footprint position: (100012500, 57150000)
[board_modifier.py:85]: Setting MX16 footprint position: (195262500, 57150000)
[board_modifier.py:85]: Setting MX17 footprint position: (214312500, 57150000)
[board_modifier.py:85]: Setting MX18 footprint position: (40481250, 61912500)
[board_modifier.py:85]: Setting MX19 footprint position: (61912500, 61912500)
[board_modifier.py:85]: Setting MX20 footprint position: (119062500, 61912500)
[board_modifier.py:85]: Setting MX21 footprint position: (176212500, 61912500)
[board_modifier.py:85]: Setting MX22 footprint position: (233362500, 61912500)
[board_modifier.py:85]: Setting MX23 footprint position: (259556250, 61912500)
[board_modifier.py:85]: Setting MX24 footprint position: (138112500, 66675000)
[board_modifier.py:85]: Setting MX25 footprint position: (157162500, 66675000)
[board_modifier.py:85]: Setting MX26 footprint position: (90487500, 76200000)
[board_modifier.py:85]: Setting MX27 footprint position: (204787500, 76200000)
[board_modifier.py:85]: Setting MX28 footprint position: (45243750, 80962500)
[board_modifier.py:85]: Setting MX29 footprint position: (71437500, 80962500)
[board_modifier.py:85]: Setting MX30 footprint position: (109537500, 80962500)
[board_modifier.py:85]: Setting MX31 footprint position: (185737500, 80962500)
[board_modifier.py:85]: Setting MX32 footprint position: (223837500, 80962500)
[board_modifier.py:85]: Setting MX33 footprint position: (242887500, 80962500)
[board_modifier.py:85]: Setting MX34 footprint position: (264318750, 80962500)
[board_modifier.py:85]: Setting MX35 footprint position: (128587500, 85725000)
[board_modifier.py:85]: Setting MX36 footprint position: (147637500, 85725000)
[board_modifier.py:85]: Setting MX37 footprint position: (166687500, 85725000)
[board_modifier.py:85]: Setting MX38 footprint position: (38100000, 100012500)
[board_modifier.py:85]: Setting MX39 footprint position: (57150000, 100012500)
[board_modifier.py:85]: Setting MX40 footprint position: (76200000, 100012500)
[board_modifier.py:85]: Setting MX41 footprint position: (228600000, 100012500)
[board_modifier.py:85]: Setting MX42 footprint position: (247650000, 100012500)
[board_modifier.py:85]: Setting MX43 footprint position: (266700000, 100012500)
[board_modifier.py:85]: Setting MX44 footprint position: (142875000, 109537500)
[board_modifier.py:85]: Setting MX45 footprint position: (161925000, 109537500)
[board_modifier.py:85]: Setting MX46 footprint position: (100012500, 104775000)
[board_modifier.py:85]: Setting MX47 footprint position: (119062500, 104775000)
[board_modifier.py:85]: Setting MX48 footprint position: (185737500, 104775000)
[board_modifier.py:85]: Setting MX49 footprint position: (204787500, 104775000)
[key_placer.py:999]: Diode info: [ElementInfo(annotation_format='D{}', position_option=<PositionOption.RELATIVE: 'Relative'>, position=ElementPosition(x=7.9375, y=0.0, orientation=90.0, side=<Side.BACK: 'Back'>), template_path='')]
[board_modifier.py:98]: Getting MX1 footprint position: (76200000, 38100000)
[board_modifier.py:85]: Setting D1 footprint position: (84137500, 38100000)
[board_modifier.py:98]: Getting MX2 footprint position: (95250000, 38100000)
[board_modifier.py:85]: Setting D2 footprint position: (103187500, 38100000)
[board_modifier.py:98]: Getting MX3 footprint position: (114300000, 38100000)
[board_modifier.py:85]: Setting D3 footprint position: (122237500, 38100000)
[board_modifier.py:98]: Getting MX4 footprint position: (190500000, 38100000)
[board_modifier.py:85]: Setting D4 footprint position: (198437500, 38100000)
[board_modifier.py:98]: Getting MX5 footprint position: (209550000, 38100000)
[board_modifier.py:85]: Setting D5 footprint position: (217487500, 38100000)
[board_modifier.py:98]: Getting MX6 footprint position: (228600000, 38100000)
[board_modifier.py:85]: Setting D6 footprint position: (236537500, 38100000)
[board_modifier.py:98]: Getting MX7 footprint position: (38100000, 42862500)
[board_modifier.py:85]: Setting D7 footprint position: (46037500, 42862500)
[board_modifier.py:98]: Getting MX8 footprint position: (57150000, 42862500)
[board_modifier.py:85]: Setting D8 footprint position: (65087500, 42862500)
[board_modifier.py:98]: Getting MX9 footprint position: (133350000, 42862500)
[board_modifier.py:85]: Setting D9 footprint position: (141287500, 42862500)
[board_modifier.py:98]: Getting MX10 footprint position: (171450000, 42862500)
[board_modifier.py:85]: Setting D10 footprint position: (179387500, 42862500)
[board_modifier.py:98]: Getting MX11 footprint position: (247650000, 42862500)
[board_modifier.py:85]: Setting D11 footprint position: (255587500, 42862500)
[board_modifier.py:98]: Getting MX12 footprint position: (266700000, 42862500)
[board_modifier.py:85]: Setting D12 footprint position: (274637500, 42862500)
[board_modifier.py:98]: Getting MX13 footprint position: (152400000, 47625000)
[board_modifier.py:85]: Setting D13 footprint position: (160337500, 47625000)
[board_modifier.py:98]: Getting MX14 footprint position: (80962500, 57150000)
[board_modifier.py:85]: Setting D14 footprint position: (88900000, 57150000)
[board_modifier.py:98]: Getting MX15 footprint position: (100012500, 57150000)
[board_modifier.py:85]: Setting D15 footprint position: (107950000, 57150000)
[board_modifier.py:98]: Getting MX16 footprint position: (195262500, 57150000)
[board_modifier.py:85]: Setting D16 footprint position: (203200000, 57150000)
[board_modifier.py:98]: Getting MX17 footprint position: (214312500, 57150000)
[board_modifier.py:85]: Setting D17 footprint position: (222250000, 57150000)
[board_modifier.py:98]: Getting MX18 footprint position: (40481250, 61912500)
[board_modifier.py:85]: Setting D18 footprint position: (48418750, 61912500)
[board_modifier.py:98]: Getting MX19 footprint position: (61912500, 61912500)
[board_modifier.py:85]: Setting D19 footprint position: (69850000, 61912500)
[board_modifier.py:98]: Getting MX20 footprint position: (119062500, 61912500)
[board_modifier.py:85]: Setting D20 footprint position: (127000000, 61912500)
[board_modifier.py:98]: Getting MX21 footprint position: (176212500, 61912500)
[board_modifier.py:85]: Setting D21 footprint position: (184150000, 61912500)
[board_modifier.py:98]: Getting MX22 footprint position: (233362500, 61912500)
[board_modifier.py:85]: Setting D22 footprint position: (241300000, 61912500)
[board_modifier.py:98]: Getting MX23 footprint position: (259556250, 61912500)
[board_modifier.py:85]: Setting D23 footprint position: (267493750, 61912500)
[board_modifier.py:98]: Getting MX24 footprint position: (138112500, 66675000)
[board_modifier.py:85]: Setting D24 footprint position: (146050000, 66675000)
[board_modifier.py:98]: Getting MX25 footprint position: (157162500, 66675000)
[board_modifier.py:85]: Setting D25 footprint position: (165100000, 66675000)
[board_modifier.py:98]: Getting MX26 footprint position: (90487500, 76200000)
[board_modifier.py:85]: Setting D26 footprint position: (98425000, 76200000)
[board_modifier.py:98]: Getting MX27 footprint position: (204787500, 76200000)
[board_modifier.py:85]: Setting D27 footprint position: (212725000, 76200000)
[board_modifier.py:98]: Getting MX28 footprint position: (45243750, 80962500)
[board_modifier.py:85]: Setting D28 footprint position: (53181250, 80962500)
[board_modifier.py:98]: Getting MX29 footprint position: (71437500, 80962500)
[board_modifier.py:85]: Setting D29 footprint position: (79375000, 80962500)
[board_modifier.py:98]: Getting MX30 footprint position: (109537500, 80962500)
[board_modifier.py:85]: Setting D30 footprint position: (117475000, 80962500)
[board_modifier.py:98]: Getting MX31 footprint position: (185737500, 80962500)
[board_modifier.py:85]: Setting D31 footprint position: (193675000, 80962500)
[board_modifier.py:98]: Getting MX32 footprint position: (223837500, 80962500)
[board_modifier.py:85]: Setting D32 footprint position: (231775000, 80962500)
[board_modifier.py:98]: Getting MX33 footprint position: (242887500, 80962500)
[board_modifier.py:85]: Setting D33 footprint position: (250825000, 80962500)
[board_modifier.py:98]: Getting MX34 footprint position: (264318750, 80962500)
[board_modifier.py:85]: Setting D34 footprint position: (272256250, 80962500)
[board_modifier.py:98]: Getting MX35 footprint position: (128587500, 85725000)
[board_modifier.py:85]: Setting D35 footprint position: (136525000, 85725000)
[board_modifier.py:98]: Getting MX36 footprint position: (147637500, 85725000)
[board_modifier.py:85]: Setting D36 footprint position: (155575000, 85725000)
[board_modifier.py:98]: Getting MX37 footprint position: (166687500, 85725000)
[board_modifier.py:85]: Setting D37 footprint position: (174625000, 85725000)
[board_modifier.py:98]: Getting MX38 footprint position: (38100000, 100012500)
[board_modifier.py:85]: Setting D38 footprint position: (46037500, 100012500)
[board_modifier.py:98]: Getting MX39 footprint position: (57150000, 100012500)
[board_modifier.py:85]: Setting D39 footprint position: (65087500, 100012500)
[board_modifier.py:98]: Getting MX40 footprint position: (76200000, 100012500)
[board_modifier.py:85]: Setting D40 footprint position: (84137500, 100012500)
[board_modifier.py:98]: Getting MX41 footprint position: (228600000, 100012500)
[board_modifier.py:85]: Setting D41 footprint position: (236537500, 100012500)
[board_modifier.py:98]: Getting MX42 footprint position: (247650000, 100012500)
[board_modifier.py:85]: Setting D42 footprint position: (255587500, 100012500)
[board_modifier.py:98]: Getting MX43 footprint position: (266700000, 100012500)
[board_modifier.py:85]: Setting D43 footprint position: (274637500, 100012500)
[board_modifier.py:98]: Getting MX44 footprint position: (142875000, 109537500)
[board_modifier.py:85]: Setting D44 footprint position: (150812500, 109537500)
[board_modifier.py:98]: Getting MX45 footprint position: (161925000, 109537500)
[board_modifier.py:85]: Setting D45 footprint position: (169862500, 109537500)
[board_modifier.py:98]: Getting MX46 footprint position: (100337057, 102309749)
[board_modifier.py:85]: Setting D46 footprint position: (108004093, 104364125)
[board_modifier.py:98]: Getting D46 footprint position: (108004093, 104364125)
[board_modifier.py:98]: Getting MX47 footprint position: (118737943, 107240251)
[board_modifier.py:85]: Setting D47 footprint position: (126404979, 109294627)
[board_modifier.py:98]: Getting D47 footprint position: (126404979, 109294627)
[board_modifier.py:98]: Getting MX48 footprint position: (186062057, 107240251)
[board_modifier.py:85]: Setting D48 footprint position: (193729093, 105185875)
[board_modifier.py:98]: Getting D48 footprint position: (193729093, 105185875)
[board_modifier.py:98]: Getting MX49 footprint position: (204462943, 102309749)
[board_modifier.py:85]: Setting D49 footprint position: (212129979, 100255373)
[board_modifier.py:98]: Getting D49 footprint position: (212129979, 100255373)
[board_modifier.py:98]: Getting MX50 footprint position: (250031250, 71437500)
[board_modifier.py:98]: Getting MX51 footprint position: (49212500, 71437500)
[board_modifier.py:98]: Getting MX52 footprint position: (103187500, 121443750)
[board_modifier.py:98]: Getting MX53 footprint position: (147637500, 100012500)
[board_modifier.py:98]: Getting MX54 footprint position: (188118750, 123031250)
[key_placer.py:775]: Placing additional elements for MX51
[board_modifier.py:98]: Getting MX51 footprint position: (49212500, 71437500)
[board_modifier.py:75]: Searching for optional ST51 footprint in C:/Users/viva-/Documents/GitHub/wergob/wergob.kicad_pcb
[board_modifier.py:80]: Footprint not found
[key_placer.py:775]: Placing additional elements for MX11
[board_modifier.py:98]: Getting MX11 footprint position: (247650000, 42862500)
[board_modifier.py:75]: Searching for optional ST11 footprint in C:/Users/viva-/Documents/GitHub/wergob/wergob.kicad_pcb
[board_modifier.py:80]: Footprint not found
[key_placer.py:775]: Placing additional elements for MX28
[board_modifier.py:98]: Getting MX28 footprint position: (45243750, 80962500)
[board_modifier.py:75]: Searching for optional ST28 footprint in C:/Users/viva-/Documents/GitHub/wergob/wergob.kicad_pcb
[board_modifier.py:80]: Footprint not found
[key_placer.py:775]: Placing additional elements for MX27
[board_modifier.py:98]: Getting MX27 footprint position: (204787500, 76200000)
[board_modifier.py:75]: Searching for optional ST27 footprint in C:/Users/viva-/Documents/GitHub/wergob/wergob.kicad_pcb
[board_modifier.py:80]: Footprint not found
[key_placer.py:775]: Placing additional elements for MX9
[board_modifier.py:98]: Getting MX9 footprint position: (133350000, 42862500)
[board_modifier.py:75]: Searching for optional ST9 footprint in C:/Users/viva-/Documents/GitHub/wergob/wergob.kicad_pcb
[board_modifier.py:80]: Footprint not found
[key_placer.py:775]: Placing additional elements for MX49
[board_modifier.py:98]: Getting MX49 footprint position: (204462943, 102309749)
[board_modifier.py:75]: Searching for optional ST49 footprint in C:/Users/viva-/Documents/GitHub/wergob/wergob.kicad_pcb
[board_modifier.py:80]: Footprint not found
[key_placer.py:775]: Placing additional elements for MX40
[board_modifier.py:98]: Getting MX40 footprint position: (76200000, 100012500)
[board_modifier.py:75]: Searching for optional ST40 footprint in C:/Users/viva-/Documents/GitHub/wergob/wergob.kicad_pcb
[board_modifier.py:80]: Footprint not found
[key_placer.py:775]: Placing additional elements for MX53
[board_modifier.py:98]: Getting MX53 footprint position: (147637500, 100012500)
[board_modifier.py:75]: Searching for optional ST53 footprint in C:/Users/viva-/Documents/GitHub/wergob/wergob.kicad_pcb
[board_modifier.py:80]: Footprint not found
[key_placer.py:775]: Placing additional elements for MX36
[board_modifier.py:98]: Getting MX36 footprint position: (147637500, 85725000)
[board_modifier.py:75]: Searching for optional ST36 footprint in C:/Users/viva-/Documents/GitHub/wergob/wergob.kicad_pcb
[board_modifier.py:80]: Footprint not found
[key_placer.py:775]: Placing additional elements for MX8
[board_modifier.py:98]: Getting MX8 footprint position: (57150000, 42862500)
[board_modifier.py:75]: Searching for optional ST8 footprint in C:/Users/viva-/Documents/GitHub/wergob/wergob.kicad_pcb
[board_modifier.py:80]: Footprint not found
[key_placer.py:775]: Placing additional elements for MX33
[board_modifier.py:98]: Getting MX33 footprint position: (242887500, 80962500)
[board_modifier.py:75]: Searching for optional ST33 footprint in C:/Users/viva-/Documents/GitHub/wergob/wergob.kicad_pcb
[board_modifier.py:80]: Footprint not found
[key_placer.py:775]: Placing additional elements for MX39
[board_modifier.py:98]: Getting MX39 footprint position: (57150000, 100012500)
[board_modifier.py:75]: Searching for optional ST39 footprint in C:/Users/viva-/Documents/GitHub/wergob/wergob.kicad_pcb
[board_modifier.py:80]: Footprint not found
[key_placer.py:775]: Placing additional elements for MX38
[board_modifier.py:98]: Getting MX38 footprint position: (38100000, 100012500)
[board_modifier.py:75]: Searching for optional ST38 footprint in C:/Users/viva-/Documents/GitHub/wergob/wergob.kicad_pcb
[board_modifier.py:80]: Footprint not found
[key_placer.py:775]: Placing additional elements for MX31
[board_modifier.py:98]: Getting MX31 footprint position: (185737500, 80962500)
[board_modifier.py:75]: Searching for optional ST31 footprint in C:/Users/viva-/Documents/GitHub/wergob/wergob.kicad_pcb
[board_modifier.py:80]: Footprint not found
[key_placer.py:775]: Placing additional elements for MX32
[board_modifier.py:98]: Getting MX32 footprint position: (223837500, 80962500)
[board_modifier.py:75]: Searching for optional ST32 footprint in C:/Users/viva-/Documents/GitHub/wergob/wergob.kicad_pcb
[board_modifier.py:80]: Footprint not found
[key_placer.py:775]: Placing additional elements for MX16
[board_modifier.py:98]: Getting MX16 footprint position: (195262500, 57150000)
[board_modifier.py:75]: Searching for optional ST16 footprint in C:/Users/viva-/Documents/GitHub/wergob/wergob.kicad_pcb
[board_modifier.py:80]: Footprint not found
[key_placer.py:775]: Placing additional elements for MX47
[board_modifier.py:98]: Getting MX47 footprint position: (118737943, 107240251)
[board_modifier.py:75]: Searching for optional ST47 footprint in C:/Users/viva-/Documents/GitHub/wergob/wergob.kicad_pcb
[board_modifier.py:80]: Footprint not found
[key_placer.py:775]: Placing additional elements for MX54
[board_modifier.py:98]: Getting MX54 footprint position: (188118750, 123031250)
[board_modifier.py:75]: Searching for optional ST54 footprint in C:/Users/viva-/Documents/GitHub/wergob/wergob.kicad_pcb
[board_modifier.py:80]: Footprint not found
[key_placer.py:775]: Placing additional elements for MX23
[board_modifier.py:98]: Getting MX23 footprint position: (259556250, 61912500)
[board_modifier.py:75]: Searching for optional ST23 footprint in C:/Users/viva-/Documents/GitHub/wergob/wergob.kicad_pcb
[board_modifier.py:80]: Footprint not found
[key_placer.py:775]: Placing additional elements for MX37
[board_modifier.py:98]: Getting MX37 footprint position: (166687500, 85725000)
[board_modifier.py:75]: Searching for optional ST37 footprint in C:/Users/viva-/Documents/GitHub/wergob/wergob.kicad_pcb
[board_modifier.py:80]: Footprint not found
[key_placer.py:775]: Placing additional elements for MX17
[board_modifier.py:98]: Getting MX17 footprint position: (214312500, 57150000)
[board_modifier.py:75]: Searching for optional ST17 footprint in C:/Users/viva-/Documents/GitHub/wergob/wergob.kicad_pcb
[board_modifier.py:80]: Footprint not found
[key_placer.py:775]: Placing additional elements for MX25
[board_modifier.py:98]: Getting MX25 footprint position: (157162500, 66675000)
[board_modifier.py:75]: Searching for optional ST25 footprint in C:/Users/viva-/Documents/GitHub/wergob/wergob.kicad_pcb
[board_modifier.py:80]: Footprint not found
[key_placer.py:775]: Placing additional elements for MX34
[board_modifier.py:98]: Getting MX34 footprint position: (264318750, 80962500)
[board_modifier.py:75]: Searching for optional ST34 footprint in C:/Users/viva-/Documents/GitHub/wergob/wergob.kicad_pcb
[board_modifier.py:80]: Footprint not found
[key_placer.py:775]: Placing additional elements for MX52
[board_modifier.py:98]: Getting MX52 footprint position: (103187500, 121443750)
[board_modifier.py:75]: Searching for optional ST52 footprint in C:/Users/viva-/Documents/GitHub/wergob/wergob.kicad_pcb
[board_modifier.py:80]: Footprint not found
[key_placer.py:775]: Placing additional elements for MX3
[board_modifier.py:98]: Getting MX3 footprint position: (114300000, 38100000)
[board_modifier.py:75]: Searching for optional ST3 footprint in C:/Users/viva-/Documents/GitHub/wergob/wergob.kicad_pcb
[board_modifier.py:80]: Footprint not found
[key_placer.py:775]: Placing additional elements for MX7
[board_modifier.py:98]: Getting MX7 footprint position: (38100000, 42862500)
[board_modifier.py:75]: Searching for optional ST7 footprint in C:/Users/viva-/Documents/GitHub/wergob/wergob.kicad_pcb
[board_modifier.py:80]: Footprint not found
[key_placer.py:775]: Placing additional elements for MX21
[board_modifier.py:98]: Getting MX21 footprint position: (176212500, 61912500)
[board_modifier.py:75]: Searching for optional ST21 footprint in C:/Users/viva-/Documents/GitHub/wergob/wergob.kicad_pcb
[board_modifier.py:80]: Footprint not found
[key_placer.py:775]: Placing additional elements for MX12
[board_modifier.py:98]: Getting MX12 footprint position: (266700000, 42862500)
[board_modifier.py:75]: Searching for optional ST12 footprint in C:/Users/viva-/Documents/GitHub/wergob/wergob.kicad_pcb
[board_modifier.py:80]: Footprint not found
[key_placer.py:775]: Placing additional elements for MX14
[board_modifier.py:98]: Getting MX14 footprint position: (80962500, 57150000)
[board_modifier.py:75]: Searching for optional ST14 footprint in C:/Users/viva-/Documents/GitHub/wergob/wergob.kicad_pcb
[board_modifier.py:80]: Footprint not found
[key_placer.py:775]: Placing additional elements for MX13
[board_modifier.py:98]: Getting MX13 footprint position: (152400000, 47625000)
[board_modifier.py:75]: Searching for optional ST13 footprint in C:/Users/viva-/Documents/GitHub/wergob/wergob.kicad_pcb
[board_modifier.py:80]: Footprint not found
[key_placer.py:775]: Placing additional elements for MX45
[board_modifier.py:98]: Getting MX45 footprint position: (161925000, 109537500)
[board_modifier.py:75]: Searching for optional ST45 footprint in C:/Users/viva-/Documents/GitHub/wergob/wergob.kicad_pcb
[board_modifier.py:80]: Footprint not found
[key_placer.py:775]: Placing additional elements for MX20
[board_modifier.py:98]: Getting MX20 footprint position: (119062500, 61912500)
[board_modifier.py:75]: Searching for optional ST20 footprint in C:/Users/viva-/Documents/GitHub/wergob/wergob.kicad_pcb
[board_modifier.py:80]: Footprint not found
[key_placer.py:775]: Placing additional elements for MX26
[board_modifier.py:98]: Getting MX26 footprint position: (90487500, 76200000)
[board_modifier.py:75]: Searching for optional ST26 footprint in C:/Users/viva-/Documents/GitHub/wergob/wergob.kicad_pcb
[board_modifier.py:80]: Footprint not found
[key_placer.py:775]: Placing additional elements for MX5
[board_modifier.py:98]: Getting MX5 footprint position: (209550000, 38100000)
[board_modifier.py:75]: Searching for optional ST5 footprint in C:/Users/viva-/Documents/GitHub/wergob/wergob.kicad_pcb
[board_modifier.py:80]: Footprint not found
[key_placer.py:775]: Placing additional elements for MX15
[board_modifier.py:98]: Getting MX15 footprint position: (100012500, 57150000)
[board_modifier.py:75]: Searching for optional ST15 footprint in C:/Users/viva-/Documents/GitHub/wergob/wergob.kicad_pcb
[board_modifier.py:80]: Footprint not found
[key_placer.py:775]: Placing additional elements for MX43
[board_modifier.py:98]: Getting MX43 footprint position: (266700000, 100012500)
[board_modifier.py:75]: Searching for optional ST43 footprint in C:/Users/viva-/Documents/GitHub/wergob/wergob.kicad_pcb
[board_modifier.py:80]: Footprint not found
[key_placer.py:775]: Placing additional elements for MX2
[board_modifier.py:98]: Getting MX2 footprint position: (95250000, 38100000)
[board_modifier.py:75]: Searching for optional ST2 footprint in C:/Users/viva-/Documents/GitHub/wergob/wergob.kicad_pcb
[board_modifier.py:80]: Footprint not found
[key_placer.py:775]: Placing additional elements for MX19
[board_modifier.py:98]: Getting MX19 footprint position: (61912500, 61912500)
[board_modifier.py:75]: Searching for optional ST19 footprint in C:/Users/viva-/Documents/GitHub/wergob/wergob.kicad_pcb
[board_modifier.py:80]: Footprint not found
[key_placer.py:775]: Placing additional elements for MX41
[board_modifier.py:98]: Getting MX41 footprint position: (228600000, 100012500)
[board_modifier.py:75]: Searching for optional ST41 footprint in C:/Users/viva-/Documents/GitHub/wergob/wergob.kicad_pcb
[board_modifier.py:80]: Footprint not found
[key_placer.py:775]: Placing additional elements for MX6
[board_modifier.py:98]: Getting MX6 footprint position: (228600000, 38100000)
[board_modifier.py:75]: Searching for optional ST6 footprint in C:/Users/viva-/Documents/GitHub/wergob/wergob.kicad_pcb
[board_modifier.py:80]: Footprint not found
[key_placer.py:775]: Placing additional elements for MX29
[board_modifier.py:98]: Getting MX29 footprint position: (71437500, 80962500)
[board_modifier.py:75]: Searching for optional ST29 footprint in C:/Users/viva-/Documents/GitHub/wergob/wergob.kicad_pcb
[board_modifier.py:80]: Footprint not found
[key_placer.py:775]: Placing additional elements for MX50
[board_modifier.py:98]: Getting MX50 footprint position: (250031250, 71437500)
[board_modifier.py:75]: Searching for optional ST50 footprint in C:/Users/viva-/Documents/GitHub/wergob/wergob.kicad_pcb
[board_modifier.py:80]: Footprint not found
[key_placer.py:775]: Placing additional elements for MX18
[board_modifier.py:98]: Getting MX18 footprint position: (40481250, 61912500)
[board_modifier.py:75]: Searching for optional ST18 footprint in C:/Users/viva-/Documents/GitHub/wergob/wergob.kicad_pcb
[board_modifier.py:80]: Footprint not found
[key_placer.py:775]: Placing additional elements for MX42
[board_modifier.py:98]: Getting MX42 footprint position: (247650000, 100012500)
[board_modifier.py:75]: Searching for optional ST42 footprint in C:/Users/viva-/Documents/GitHub/wergob/wergob.kicad_pcb
[board_modifier.py:80]: Footprint not found
[key_placer.py:775]: Placing additional elements for MX44
[board_modifier.py:98]: Getting MX44 footprint position: (142875000, 109537500)
[board_modifier.py:75]: Searching for optional ST44 footprint in C:/Users/viva-/Documents/GitHub/wergob/wergob.kicad_pcb
[board_modifier.py:80]: Footprint not found
[key_placer.py:775]: Placing additional elements for MX4
[board_modifier.py:98]: Getting MX4 footprint position: (190500000, 38100000)
[board_modifier.py:75]: Searching for optional ST4 footprint in C:/Users/viva-/Documents/GitHub/wergob/wergob.kicad_pcb
[board_modifier.py:80]: Footprint not found
[key_placer.py:775]: Placing additional elements for MX24
[board_modifier.py:98]: Getting MX24 footprint position: (138112500, 66675000)
[board_modifier.py:75]: Searching for optional ST24 footprint in C:/Users/viva-/Documents/GitHub/wergob/wergob.kicad_pcb
[board_modifier.py:80]: Footprint not found
[key_placer.py:775]: Placing additional elements for MX1
[board_modifier.py:98]: Getting MX1 footprint position: (76200000, 38100000)
[board_modifier.py:75]: Searching for optional ST1 footprint in C:/Users/viva-/Documents/GitHub/wergob/wergob.kicad_pcb
[board_modifier.py:80]: Footprint not found
[key_placer.py:775]: Placing additional elements for MX46
[board_modifier.py:98]: Getting MX46 footprint position: (100337057, 102309749)
[board_modifier.py:75]: Searching for optional ST46 footprint in C:/Users/viva-/Documents/GitHub/wergob/wergob.kicad_pcb
[board_modifier.py:80]: Footprint not found
[key_placer.py:775]: Placing additional elements for MX30
[board_modifier.py:98]: Getting MX30 footprint position: (109537500, 80962500)
[board_modifier.py:75]: Searching for optional ST30 footprint in C:/Users/viva-/Documents/GitHub/wergob/wergob.kicad_pcb
[board_modifier.py:80]: Footprint not found
[key_placer.py:775]: Placing additional elements for MX35
[board_modifier.py:98]: Getting MX35 footprint position: (128587500, 85725000)
[board_modifier.py:75]: Searching for optional ST35 footprint in C:/Users/viva-/Documents/GitHub/wergob/wergob.kicad_pcb
[board_modifier.py:80]: Footprint not found
[key_placer.py:775]: Placing additional elements for MX48
[board_modifier.py:98]: Getting MX48 footprint position: (186062057, 107240251)
[board_modifier.py:75]: Searching for optional ST48 footprint in C:/Users/viva-/Documents/GitHub/wergob/wergob.kicad_pcb
[board_modifier.py:80]: Footprint not found
[key_placer.py:775]: Placing additional elements for MX10
[board_modifier.py:98]: Getting MX10 footprint position: (171450000, 42862500)
[board_modifier.py:75]: Searching for optional ST10 footprint in C:/Users/viva-/Documents/GitHub/wergob/wergob.kicad_pcb
[board_modifier.py:80]: Footprint not found
[key_placer.py:775]: Placing additional elements for MX22
[board_modifier.py:98]: Getting MX22 footprint position: (233362500, 61912500)
[board_modifier.py:75]: Searching for optional ST22 footprint in C:/Users/viva-/Documents/GitHub/wergob/wergob.kicad_pcb
[board_modifier.py:80]: Footprint not found
